# JRE version: OpenJDK Runtime Environment (8.0_212-b04) (build 1.8.0_212-release-1586-b04)
# Java VM: OpenJDK 64-Bit Server VM (25.212-b04 mixed mode windows-amd64 compressed oops)
Heap:
 PSYoungGen      total 154112K, used 81053K [0x00000000e0000000, 0x00000000eb100000, 0x0000000100000000)
  eden space 141824K, 48% used [0x00000000e0000000,0x00000000e432a638,0x00000000e8a80000)
  from space 12288K, 99% used [0x00000000ea500000,0x00000000eb0fcf28,0x00000000eb100000)
  to   space 14336K, 0% used [0x00000000e9500000,0x00000000e9500000,0x00000000ea300000)
 ParOldGen       total 85504K, used 17939K [0x00000000a0000000, 0x00000000a5380000, 0x00000000e0000000)
  object space 85504K, 20% used [0x00000000a0000000,0x00000000a1184fb0,0x00000000a5380000)
 Metaspace       used 49587K, capacity 50942K, committed 51328K, reserved 1093632K
  class space    used 6601K, capacity 6932K, committed 7040K, reserved 1048576K
GC Heap History (10 events):
Event: 16.682 GC heap before
{Heap before GC invocations=8 (full 1):
 PSYoungGen      total 76800K, used 66048K [0x00000000e0000000, 0x00000000e5700000, 0x0000000100000000)
  eden space 66048K, 100% used [0x00000000e0000000,0x00000000e4080000,0x00000000e4080000)
  from space 10752K, 0% used [0x00000000e4b80000,0x00000000e4b80000,0x00000000e5600000)
  to   space 11264K, 0% used [0x00000000e4080000,0x00000000e4080000,0x00000000e4b80000)
 ParOldGen       total 57344K, used 9378K [0x00000000a0000000, 0x00000000a3800000, 0x00000000e0000000)
  object space 57344K, 16% used [0x00000000a0000000,0x00000000a0928860,0x00000000a3800000)
 Metaspace       used 29255K, capacity 29850K, committed 30080K, reserved 1075200K
  class space    used 3939K, capacity 4137K, committed 4224K, reserved 1048576K
Event: 16.702 GC heap after
Heap after GC invocations=8 (full 1):
 PSYoungGen      total 77312K, used 8322K [0x00000000e0000000, 0x00000000e8200000, 0x0000000100000000)
  eden space 66048K, 0% used [0x00000000e0000000,0x00000000e0000000,0x00000000e4080000)
  from space 11264K, 73% used [0x00000000e4080000,0x00000000e48a0a80,0x00000000e4b80000)
  to   space 11264K, 0% used [0x00000000e7700000,0x00000000e7700000,0x00000000e8200000)
 ParOldGen       total 57344K, used 9386K [0x00000000a0000000, 0x00000000a3800000, 0x00000000e0000000)
  object space 57344K, 16% used [0x00000000a0000000,0x00000000a092a860,0x00000000a3800000)
 Metaspace       used 29255K, capacity 29850K, committed 30080K, reserved 1075200K
  class space    used 3939K, capacity 4137K, committed 4224K, reserved 1048576K
}
Event: 18.760 GC heap before
{Heap before GC invocations=9 (full 1):
 PSYoungGen      total 77312K, used 74370K [0x00000000e0000000, 0x00000000e8200000, 0x0000000100000000)
  eden space 66048K, 100% used [0x00000000e0000000,0x00000000e4080000,0x00000000e4080000)
  from space 11264K, 73% used [0x00000000e4080000,0x00000000e48a0a80,0x00000000e4b80000)
  to   space 11264K, 0% used [0x00000000e7700000,0x00000000e7700000,0x00000000e8200000)
 ParOldGen       total 57344K, used 9386K [0x00000000a0000000, 0x00000000a3800000, 0x00000000e0000000)
  object space 57344K, 16% used [0x00000000a0000000,0x00000000a092a860,0x00000000a3800000)
 Metaspace       used 32213K, capacity 32920K, committed 33152K, reserved 1077248K
  class space    used 4410K, capacity 4627K, committed 4736K, reserved 1048576K
Event: 18.793 GC heap after
Heap after GC invocations=9 (full 1):
 PSYoungGen      total 121344K, used 9062K [0x00000000e0000000, 0x00000000e8480000, 0x0000000100000000)
  eden space 110080K, 0% used [0x00000000e0000000,0x00000000e0000000,0x00000000e6b80000)
  from space 11264K, 80% used [0x00000000e7700000,0x00000000e7fd9988,0x00000000e8200000)
  to   space 11776K, 0% used [0x00000000e6b80000,0x00000000e6b80000,0x00000000e7700000)
 ParOldGen       total 57344K, used 9394K [0x00000000a0000000, 0x00000000a3800000, 0x00000000e0000000)
  object space 57344K, 16% used [0x00000000a0000000,0x00000000a092c860,0x00000000a3800000)
 Metaspace       used 32213K, capacity 32920K, committed 33152K, reserved 1077248K
  class space    used 4410K, capacity 4627K, committed 4736K, reserved 1048576K
}
Event: 19.981 GC heap before
{Heap before GC invocations=10 (full 1):
 PSYoungGen      total 121344K, used 53971K [0x00000000e0000000, 0x00000000e8480000, 0x0000000100000000)
  eden space 110080K, 40% used [0x00000000e0000000,0x00000000e2bdb418,0x00000000e6b80000)
  from space 11264K, 80% used [0x00000000e7700000,0x00000000e7fd9988,0x00000000e8200000)
  to   space 11776K, 0% used [0x00000000e6b80000,0x00000000e6b80000,0x00000000e7700000)
 ParOldGen       total 57344K, used 9394K [0x00000000a0000000, 0x00000000a3800000, 0x00000000e0000000)
  object space 57344K, 16% used [0x00000000a0000000,0x00000000a092c860,0x00000000a3800000)
 Metaspace       used 34493K, capacity 35386K, committed 35456K, reserved 1079296K
  class space    used 4724K, capacity 4960K, committed 4992K, reserved 1048576K
Event: 19.998 GC heap after
Heap after GC invocations=10 (full 1):
 PSYoungGen      total 121856K, used 9351K [0x00000000e0000000, 0x00000000eb100000, 0x0000000100000000)
  eden space 110080K, 0% used [0x00000000e0000000,0x00000000e0000000,0x00000000e6b80000)
  from space 11776K, 79% used [0x00000000e6b80000,0x00000000e74a1d78,0x00000000e7700000)
  to   space 12288K, 0% used [0x00000000ea500000,0x00000000ea500000,0x00000000eb100000)
 ParOldGen       total 57344K, used 9402K [0x00000000a0000000, 0x00000000a3800000, 0x00000000e0000000)
  object space 57344K, 16% used [0x00000000a0000000,0x00000000a092e860,0x00000000a3800000)
 Metaspace       used 34493K, capacity 35386K, committed 35456K, reserved 1079296K
  class space    used 4724K, capacity 4960K, committed 4992K, reserved 1048576K
}
Event: 19.998 GC heap before
{Heap before GC invocations=11 (full 2):
 PSYoungGen      total 121856K, used 9351K [0x00000000e0000000, 0x00000000eb100000, 0x0000000100000000)
  eden space 110080K, 0% used [0x00000000e0000000,0x00000000e0000000,0x00000000e6b80000)
  from space 11776K, 79% used [0x00000000e6b80000,0x00000000e74a1d78,0x00000000e7700000)
  to   space 12288K, 0% used [0x00000000ea500000,0x00000000ea500000,0x00000000eb100000)
 ParOldGen       total 57344K, used 9402K [0x00000000a0000000, 0x00000000a3800000, 0x00000000e0000000)
  object space 57344K, 16% used [0x00000000a0000000,0x00000000a092e860,0x00000000a3800000)
 Metaspace       used 34493K, capacity 35386K, committed 35456K, reserved 1079296K
  class space    used 4724K, capacity 4960K, committed 4992K, reserved 1048576K
Event: 20.114 GC heap after
Heap after GC invocations=11 (full 2):
 PSYoungGen      total 121856K, used 0K [0x00000000e0000000, 0x00000000eb100000, 0x0000000100000000)
  eden space 110080K, 0% used [0x00000000e0000000,0x00000000e0000000,0x00000000e6b80000)
  from space 11776K, 0% used [0x00000000e6b80000,0x00000000e6b80000,0x00000000e7700000)
  to   space 12288K, 0% used [0x00000000ea500000,0x00000000ea500000,0x00000000eb100000)
 ParOldGen       total 85504K, used 16254K [0x00000000a0000000, 0x00000000a5380000, 0x00000000e0000000)
  object space 85504K, 19% used [0x00000000a0000000,0x00000000a0fdfb40,0x00000000a5380000)
 Metaspace       used 34481K, capacity 35344K, committed 35456K, reserved 1079296K
  class space    used 4721K, capacity 4953K, committed 4992K, reserved 1048576K
}
Event: 23.862 GC heap before
{Heap before GC invocations=12 (full 2):
 PSYoungGen      total 121856K, used 110080K [0x00000000e0000000, 0x00000000eb100000, 0x0000000100000000)
  eden space 110080K, 100% used [0x00000000e0000000,0x00000000e6b80000,0x00000000e6b80000)
  from space 11776K, 0% used [0x00000000e6b80000,0x00000000e6b80000,0x00000000e7700000)
  to   space 12288K, 0% used [0x00000000ea500000,0x00000000ea500000,0x00000000eb100000)
 ParOldGen       total 85504K, used 16254K [0x00000000a0000000, 0x00000000a5380000, 0x00000000e0000000)
  object space 85504K, 19% used [0x00000000a0000000,0x00000000a0fdfb40,0x00000000a5380000)
 Metaspace       used 44369K, capacity 45488K, committed 45696K, reserved 1089536K
  class space    used 5982K, capacity 6256K, committed 6272K, reserved 1048576K
Event: 23.886 GC heap after
Heap after GC invocations=12 (full 2):
 PSYoungGen      total 154112K, used 12275K [0x00000000e0000000, 0x00000000eb100000, 0x0000000100000000)
  eden space 141824K, 0% used [0x00000000e0000000,0x00000000e0000000,0x00000000e8a80000)
  from space 12288K, 99% used [0x00000000ea500000,0x00000000eb0fcf28,0x00000000eb100000)
  to   space 14336K, 0% used [0x00000000e9500000,0x00000000e9500000,0x00000000ea300000)
 ParOldGen       total 85504K, used 17939K [0x00000000a0000000, 0x00000000a5380000, 0x00000000e0000000)
  object space 85504K, 20% used [0x00000000a0000000,0x00000000a1184fb0,0x00000000a5380000)
 Metaspace       used 44369K, capacity 45488K, committed 45696K, reserved 1089536K
  class space    used 5982K, capacity 6256K, committed 6272K, reserved 1048576K
}

