# JRE version: OpenJDK Runtime Environment (8.0_212-b04) (build 1.8.0_212-release-1586-b04)
# Java VM: OpenJDK 64-Bit Server VM (25.212-b04 mixed mode windows-amd64 compressed oops)
Heap:
 PSYoungGen      total 175616K, used 3204K [0x00000000e0000000, 0x00000000ed000000, 0x0000000100000000)
  eden space 156160K, 2% used [0x00000000e0000000,0x00000000e0321140,0x00000000e9880000)
  from space 19456K, 0% used [0x00000000ebd00000,0x00000000ebd00000,0x00000000ed000000)
  to   space 14336K, 0% used [0x00000000e9880000,0x00000000e9880000,0x00000000ea680000)
 ParOldGen       total 87040K, used 29569K [0x00000000a0000000, 0x00000000a5500000, 0x00000000e0000000)
  object space 87040K, 33% used [0x00000000a0000000,0x00000000a1ce0690,0x00000000a5500000)
 Metaspace       used 57211K, capacity 59084K, committed 59352K, reserved 1099776K
  class space    used 7832K, capacity 8225K, committed 8320K, reserved 1048576K
GC Heap History (10 events):
Event: 12.646 GC heap before
{Heap before GC invocations=11 (full 2):
 PSYoungGen      total 122880K, used 9543K [0x00000000e0000000, 0x00000000eb480000, 0x0000000100000000)
  eden space 111104K, 0% used [0x00000000e0000000,0x00000000e0000000,0x00000000e6c80000)
  from space 11776K, 81% used [0x00000000e6c80000,0x00000000e75d1ef0,0x00000000e7800000)
  to   space 12288K, 0% used [0x00000000ea880000,0x00000000ea880000,0x00000000eb480000)
 ParOldGen       total 56832K, used 9364K [0x00000000a0000000, 0x00000000a3780000, 0x00000000e0000000)
  object space 56832K, 16% used [0x00000000a0000000,0x00000000a09250b8,0x00000000a3780000)
 Metaspace       used 34538K, capacity 35404K, committed 35456K, reserved 1079296K
  class space    used 4725K, capacity 4955K, committed 4992K, reserved 1048576K
Event: 12.748 GC heap after
Heap after GC invocations=11 (full 2):
 PSYoungGen      total 122880K, used 0K [0x00000000e0000000, 0x00000000eb480000, 0x0000000100000000)
  eden space 111104K, 0% used [0x00000000e0000000,0x00000000e0000000,0x00000000e6c80000)
  from space 11776K, 0% used [0x00000000e6c80000,0x00000000e6c80000,0x00000000e7800000)
  to   space 12288K, 0% used [0x00000000ea880000,0x00000000ea880000,0x00000000eb480000)
 ParOldGen       total 87040K, used 16434K [0x00000000a0000000, 0x00000000a5500000, 0x00000000e0000000)
  object space 87040K, 18% used [0x00000000a0000000,0x00000000a100c898,0x00000000a5500000)
 Metaspace       used 34534K, capacity 35392K, committed 35456K, reserved 1079296K
  class space    used 4724K, capacity 4953K, committed 4992K, reserved 1048576K
}
Event: 15.358 GC heap before
{Heap before GC invocations=12 (full 2):
 PSYoungGen      total 122880K, used 111104K [0x00000000e0000000, 0x00000000eb480000, 0x0000000100000000)
  eden space 111104K, 100% used [0x00000000e0000000,0x00000000e6c80000,0x00000000e6c80000)
  from space 11776K, 0% used [0x00000000e6c80000,0x00000000e6c80000,0x00000000e7800000)
  to   space 12288K, 0% used [0x00000000ea880000,0x00000000ea880000,0x00000000eb480000)
 ParOldGen       total 87040K, used 16434K [0x00000000a0000000, 0x00000000a5500000, 0x00000000e0000000)
  object space 87040K, 18% used [0x00000000a0000000,0x00000000a100c898,0x00000000a5500000)
 Metaspace       used 44801K, capacity 46048K, committed 46336K, reserved 1089536K
  class space    used 6028K, capacity 6320K, committed 6400K, reserved 1048576K
Event: 15.376 GC heap after
Heap after GC invocations=12 (full 2):
 PSYoungGen      total 152064K, used 12282K [0x00000000e0000000, 0x00000000eb480000, 0x0000000100000000)
  eden space 139776K, 0% used [0x00000000e0000000,0x00000000e0000000,0x00000000e8880000)
  from space 12288K, 99% used [0x00000000ea880000,0x00000000eb47eb80,0x00000000eb480000)
  to   space 14336K, 0% used [0x00000000e9880000,0x00000000e9880000,0x00000000ea680000)
 ParOldGen       total 87040K, used 18650K [0x00000000a0000000, 0x00000000a5500000, 0x00000000e0000000)
  object space 87040K, 21% used [0x00000000a0000000,0x00000000a1236a98,0x00000000a5500000)
 Metaspace       used 44801K, capacity 46048K, committed 46336K, reserved 1089536K
  class space    used 6028K, capacity 6320K, committed 6400K, reserved 1048576K
}
Event: 18.330 GC heap before
{Heap before GC invocations=13 (full 2):
 PSYoungGen      total 152064K, used 152058K [0x00000000e0000000, 0x00000000eb480000, 0x0000000100000000)
  eden space 139776K, 100% used [0x00000000e0000000,0x00000000e8880000,0x00000000e8880000)
  from space 12288K, 99% used [0x00000000ea880000,0x00000000eb47eb80,0x00000000eb480000)
  to   space 14336K, 0% used [0x00000000e9880000,0x00000000e9880000,0x00000000ea680000)
 ParOldGen       total 87040K, used 18650K [0x00000000a0000000, 0x00000000a5500000, 0x00000000e0000000)
  object space 87040K, 21% used [0x00000000a0000000,0x00000000a1236a98,0x00000000a5500000)
 Metaspace       used 56152K, capacity 57982K, committed 58240K, reserved 1099776K
  class space    used 7626K, capacity 8020K, committed 8064K, reserved 1048576K
Event: 18.360 GC heap after
Heap after GC invocations=13 (full 2):
 PSYoungGen      total 170496K, used 14325K [0x00000000e0000000, 0x00000000ed000000, 0x0000000100000000)
  eden space 156160K, 0% used [0x00000000e0000000,0x00000000e0000000,0x00000000e9880000)
  from space 14336K, 99% used [0x00000000e9880000,0x00000000ea67d568,0x00000000ea680000)
  to   space 19456K, 0% used [0x00000000ebd00000,0x00000000ebd00000,0x00000000ed000000)
 ParOldGen       total 87040K, used 27478K [0x00000000a0000000, 0x00000000a5500000, 0x00000000e0000000)
  object space 87040K, 31% used [0x00000000a0000000,0x00000000a1ad5820,0x00000000a5500000)
 Metaspace       used 56152K, capacity 57982K, committed 58240K, reserved 1099776K
  class space    used 7626K, capacity 8020K, committed 8064K, reserved 1048576K
}
Event: 18.607 GC heap before
{Heap before GC invocations=14 (full 2):
 PSYoungGen      total 170496K, used 31967K [0x00000000e0000000, 0x00000000ed000000, 0x0000000100000000)
  eden space 156160K, 11% used [0x00000000e0000000,0x00000000e113a808,0x00000000e9880000)
  from space 14336K, 99% used [0x00000000e9880000,0x00000000ea67d568,0x00000000ea680000)
  to   space 19456K, 0% used [0x00000000ebd00000,0x00000000ebd00000,0x00000000ed000000)
 ParOldGen       total 87040K, used 27478K [0x00000000a0000000, 0x00000000a5500000, 0x00000000e0000000)
  object space 87040K, 31% used [0x00000000a0000000,0x00000000a1ad5820,0x00000000a5500000)
 Metaspace       used 57124K, capacity 58956K, committed 59096K, reserved 1099776K
  class space    used 7813K, capacity 8225K, committed 8320K, reserved 1048576K
Event: 18.639 GC heap after
Heap after GC invocations=14 (full 2):
 PSYoungGen      total 175616K, used 1344K [0x00000000e0000000, 0x00000000ed000000, 0x0000000100000000)
  eden space 156160K, 0% used [0x00000000e0000000,0x00000000e0000000,0x00000000e9880000)
  from space 19456K, 6% used [0x00000000ebd00000,0x00000000ebe50020,0x00000000ed000000)
  to   space 14336K, 0% used [0x00000000e9880000,0x00000000e9880000,0x00000000ea680000)
 ParOldGen       total 87040K, used 34961K [0x00000000a0000000, 0x00000000a5500000, 0x00000000e0000000)
  object space 87040K, 40% used [0x00000000a0000000,0x00000000a2224600,0x00000000a5500000)
 Metaspace       used 57124K, capacity 58956K, committed 59096K, reserved 1099776K
  class space    used 7813K, capacity 8225K, committed 8320K, reserved 1048576K
}
Event: 18.639 GC heap before
{Heap before GC invocations=15 (full 3):
 PSYoungGen      total 175616K, used 1344K [0x00000000e0000000, 0x00000000ed000000, 0x0000000100000000)
  eden space 156160K, 0% used [0x00000000e0000000,0x00000000e0000000,0x00000000e9880000)
  from space 19456K, 6% used [0x00000000ebd00000,0x00000000ebe50020,0x00000000ed000000)
  to   space 14336K, 0% used [0x00000000e9880000,0x00000000e9880000,0x00000000ea680000)
 ParOldGen       total 87040K, used 34961K [0x00000000a0000000, 0x00000000a5500000, 0x00000000e0000000)
  object space 87040K, 40% used [0x00000000a0000000,0x00000000a2224600,0x00000000a5500000)
 Metaspace       used 57124K, capacity 58956K, committed 59096K, reserved 1099776K
  class space    used 7813K, capacity 8225K, committed 8320K, reserved 1048576K
Event: 19.022 GC heap after
Heap after GC invocations=15 (full 3):
 PSYoungGen      total 175616K, used 0K [0x00000000e0000000, 0x00000000ed000000, 0x0000000100000000)
  eden space 156160K, 0% used [0x00000000e0000000,0x00000000e0000000,0x00000000e9880000)
  from space 19456K, 0% used [0x00000000ebd00000,0x00000000ebd00000,0x00000000ed000000)
  to   space 14336K, 0% used [0x00000000e9880000,0x00000000e9880000,0x00000000ea680000)
 ParOldGen       total 87040K, used 29569K [0x00000000a0000000, 0x00000000a5500000, 0x00000000e0000000)
  object space 87040K, 33% used [0x00000000a0000000,0x00000000a1ce0690,0x00000000a5500000)
 Metaspace       used 57124K, capacity 58956K, committed 59096K, reserved 1099776K
  class space    used 7813K, capacity 8225K, committed 8320K, reserved 1048576K
}

