# JRE version: OpenJDK Runtime Environment (8.0_212-b04) (build 1.8.0_212-release-1586-b04)
# Java VM: OpenJDK 64-Bit Server VM (25.212-b04 mixed mode windows-amd64 compressed oops)
Heap:
 PSYoungGen      total 126976K, used 97362K [0x00000000e0000000, 0x00000000ebd80000, 0x0000000100000000)
  eden space 115200K, 84% used [0x00000000e0000000,0x00000000e5f148c0,0x00000000e7080000)
  from space 11776K, 0% used [0x00000000e7080000,0x00000000e7080000,0x00000000e7c00000)
  to   space 12288K, 0% used [0x00000000eb180000,0x00000000eb180000,0x00000000ebd80000)
 ParOldGen       total 82432K, used 16299K [0x00000000a0000000, 0x00000000a5080000, 0x00000000e0000000)
  object space 82432K, 19% used [0x00000000a0000000,0x00000000a0feae80,0x00000000a5080000)
 Metaspace       used 43243K, capacity 44428K, committed 44544K, reserved 1087488K
  class space    used 5827K, capacity 6122K, committed 6144K, reserved 1048576K
GC Heap History (10 events):
Event: 9.221 GC heap before
{Heap before GC invocations=7 (full 1):
 PSYoungGen      total 76800K, used 8300K [0x00000000e0000000, 0x00000000e5700000, 0x0000000100000000)
  eden space 66048K, 0% used [0x00000000e0000000,0x00000000e0000000,0x00000000e4080000)
  from space 10752K, 77% used [0x00000000e4b80000,0x00000000e539b3a8,0x00000000e5600000)
  to   space 11264K, 0% used [0x00000000e4080000,0x00000000e4080000,0x00000000e4b80000)
 ParOldGen       total 87552K, used 8217K [0x00000000a0000000, 0x00000000a5580000, 0x00000000e0000000)
  object space 87552K, 9% used [0x00000000a0000000,0x00000000a08066f0,0x00000000a5580000)
 Metaspace       used 20664K, capacity 21182K, committed 21296K, reserved 1067008K
  class space    used 2969K, capacity 3133K, committed 3200K, reserved 1048576K
Event: 9.286 GC heap after
Heap after GC invocations=7 (full 1):
 PSYoungGen      total 76800K, used 0K [0x00000000e0000000, 0x00000000e5700000, 0x0000000100000000)
  eden space 66048K, 0% used [0x00000000e0000000,0x00000000e0000000,0x00000000e4080000)
  from space 10752K, 0% used [0x00000000e4b80000,0x00000000e4b80000,0x00000000e5600000)
  to   space 11264K, 0% used [0x00000000e4080000,0x00000000e4080000,0x00000000e4b80000)
 ParOldGen       total 55296K, used 9344K [0x00000000a0000000, 0x00000000a3600000, 0x00000000e0000000)
  object space 55296K, 16% used [0x00000000a0000000,0x00000000a0920280,0x00000000a3600000)
 Metaspace       used 20664K, capacity 21182K, committed 21296K, reserved 1067008K
  class space    used 2969K, capacity 3133K, committed 3200K, reserved 1048576K
}
Event: 10.822 GC heap before
{Heap before GC invocations=8 (full 1):
 PSYoungGen      total 76800K, used 66048K [0x00000000e0000000, 0x00000000e5700000, 0x0000000100000000)
  eden space 66048K, 100% used [0x00000000e0000000,0x00000000e4080000,0x00000000e4080000)
  from space 10752K, 0% used [0x00000000e4b80000,0x00000000e4b80000,0x00000000e5600000)
  to   space 11264K, 0% used [0x00000000e4080000,0x00000000e4080000,0x00000000e4b80000)
 ParOldGen       total 55296K, used 9344K [0x00000000a0000000, 0x00000000a3600000, 0x00000000e0000000)
  object space 55296K, 16% used [0x00000000a0000000,0x00000000a0920280,0x00000000a3600000)
 Metaspace       used 29217K, capacity 29844K, committed 30080K, reserved 1075200K
  class space    used 3925K, capacity 4135K, committed 4224K, reserved 1048576K
Event: 10.841 GC heap after
Heap after GC invocations=8 (full 1):
 PSYoungGen      total 77312K, used 8330K [0x00000000e0000000, 0x00000000e8700000, 0x0000000100000000)
  eden space 66048K, 0% used [0x00000000e0000000,0x00000000e0000000,0x00000000e4080000)
  from space 11264K, 73% used [0x00000000e4080000,0x00000000e48a2820,0x00000000e4b80000)
  to   space 11264K, 0% used [0x00000000e7c00000,0x00000000e7c00000,0x00000000e8700000)
 ParOldGen       total 55296K, used 9352K [0x00000000a0000000, 0x00000000a3600000, 0x00000000e0000000)
  object space 55296K, 16% used [0x00000000a0000000,0x00000000a0922280,0x00000000a3600000)
 Metaspace       used 29217K, capacity 29844K, committed 30080K, reserved 1075200K
  class space    used 3925K, capacity 4135K, committed 4224K, reserved 1048576K
}
Event: 11.748 GC heap before
{Heap before GC invocations=9 (full 1):
 PSYoungGen      total 77312K, used 74378K [0x00000000e0000000, 0x00000000e8700000, 0x0000000100000000)
  eden space 66048K, 100% used [0x00000000e0000000,0x00000000e4080000,0x00000000e4080000)
  from space 11264K, 73% used [0x00000000e4080000,0x00000000e48a2820,0x00000000e4b80000)
  to   space 11264K, 0% used [0x00000000e7c00000,0x00000000e7c00000,0x00000000e8700000)
 ParOldGen       total 55296K, used 9352K [0x00000000a0000000, 0x00000000a3600000, 0x00000000e0000000)
  object space 55296K, 16% used [0x00000000a0000000,0x00000000a0922280,0x00000000a3600000)
 Metaspace       used 32179K, capacity 32856K, committed 33152K, reserved 1077248K
  class space    used 4399K, capacity 4627K, committed 4736K, reserved 1048576K
Event: 11.777 GC heap after
Heap after GC invocations=9 (full 1):
 PSYoungGen      total 126464K, used 9065K [0x00000000e0000000, 0x00000000e8980000, 0x0000000100000000)
  eden space 115200K, 0% used [0x00000000e0000000,0x00000000e0000000,0x00000000e7080000)
  from space 11264K, 80% used [0x00000000e7c00000,0x00000000e84da428,0x00000000e8700000)
  to   space 11776K, 0% used [0x00000000e7080000,0x00000000e7080000,0x00000000e7c00000)
 ParOldGen       total 55296K, used 9360K [0x00000000a0000000, 0x00000000a3600000, 0x00000000e0000000)
  object space 55296K, 16% used [0x00000000a0000000,0x00000000a0924280,0x00000000a3600000)
 Metaspace       used 32179K, capacity 32856K, committed 33152K, reserved 1077248K
  class space    used 4399K, capacity 4627K, committed 4736K, reserved 1048576K
}
Event: 12.625 GC heap before
{Heap before GC invocations=10 (full 1):
 PSYoungGen      total 126464K, used 54341K [0x00000000e0000000, 0x00000000e8980000, 0x0000000100000000)
  eden space 115200K, 39% used [0x00000000e0000000,0x00000000e2c37258,0x00000000e7080000)
  from space 11264K, 80% used [0x00000000e7c00000,0x00000000e84da428,0x00000000e8700000)
  to   space 11776K, 0% used [0x00000000e7080000,0x00000000e7080000,0x00000000e7c00000)
 ParOldGen       total 55296K, used 9360K [0x00000000a0000000, 0x00000000a3600000, 0x00000000e0000000)
  object space 55296K, 16% used [0x00000000a0000000,0x00000000a0924280,0x00000000a3600000)
 Metaspace       used 34462K, capacity 35324K, committed 35456K, reserved 1079296K
  class space    used 4713K, capacity 4923K, committed 4992K, reserved 1048576K
Event: 12.650 GC heap after
Heap after GC invocations=10 (full 1):
 PSYoungGen      total 126976K, used 9343K [0x00000000e0000000, 0x00000000ebd80000, 0x0000000100000000)
  eden space 115200K, 0% used [0x00000000e0000000,0x00000000e0000000,0x00000000e7080000)
  from space 11776K, 79% used [0x00000000e7080000,0x00000000e799fe90,0x00000000e7c00000)
  to   space 12288K, 0% used [0x00000000eb180000,0x00000000eb180000,0x00000000ebd80000)
 ParOldGen       total 55296K, used 9368K [0x00000000a0000000, 0x00000000a3600000, 0x00000000e0000000)
  object space 55296K, 16% used [0x00000000a0000000,0x00000000a0926280,0x00000000a3600000)
 Metaspace       used 34462K, capacity 35324K, committed 35456K, reserved 1079296K
  class space    used 4713K, capacity 4923K, committed 4992K, reserved 1048576K
}
Event: 12.650 GC heap before
{Heap before GC invocations=11 (full 2):
 PSYoungGen      total 126976K, used 9343K [0x00000000e0000000, 0x00000000ebd80000, 0x0000000100000000)
  eden space 115200K, 0% used [0x00000000e0000000,0x00000000e0000000,0x00000000e7080000)
  from space 11776K, 79% used [0x00000000e7080000,0x00000000e799fe90,0x00000000e7c00000)
  to   space 12288K, 0% used [0x00000000eb180000,0x00000000eb180000,0x00000000ebd80000)
 ParOldGen       total 55296K, used 9368K [0x00000000a0000000, 0x00000000a3600000, 0x00000000e0000000)
  object space 55296K, 16% used [0x00000000a0000000,0x00000000a0926280,0x00000000a3600000)
 Metaspace       used 34462K, capacity 35324K, committed 35456K, reserved 1079296K
  class space    used 4713K, capacity 4923K, committed 4992K, reserved 1048576K
Event: 12.799 GC heap after
Heap after GC invocations=11 (full 2):
 PSYoungGen      total 126976K, used 0K [0x00000000e0000000, 0x00000000ebd80000, 0x0000000100000000)
  eden space 115200K, 0% used [0x00000000e0000000,0x00000000e0000000,0x00000000e7080000)
  from space 11776K, 0% used [0x00000000e7080000,0x00000000e7080000,0x00000000e7c00000)
  to   space 12288K, 0% used [0x00000000eb180000,0x00000000eb180000,0x00000000ebd80000)
 ParOldGen       total 82432K, used 16299K [0x00000000a0000000, 0x00000000a5080000, 0x00000000e0000000)
  object space 82432K, 19% used [0x00000000a0000000,0x00000000a0feae80,0x00000000a5080000)
 Metaspace       used 34459K, capacity 35312K, committed 35456K, reserved 1079296K
  class space    used 4712K, capacity 4921K, committed 4992K, reserved 1048576K
}

