# JRE version: OpenJDK Runtime Environment (8.0_212-b04) (build 1.8.0_212-release-1586-b04)
# Java VM: OpenJDK 64-Bit Server VM (25.212-b04 mixed mode windows-amd64 compressed oops)
Heap:
 PSYoungGen      total 166912K, used 87439K [0x00000000e0000000, 0x00000000ec080000, 0x0000000100000000)
  eden space 154624K, 48% used [0x00000000e0000000,0x00000000e496a2a8,0x00000000e9700000)
  from space 12288K, 99% used [0x00000000eb480000,0x00000000ec079a58,0x00000000ec080000)
  to   space 14848K, 0% used [0x00000000ea380000,0x00000000ea380000,0x00000000eb200000)
 ParOldGen       total 78848K, used 19269K [0x00000000a0000000, 0x00000000a4d00000, 0x00000000e0000000)
  object space 78848K, 24% used [0x00000000a0000000,0x00000000a12d1700,0x00000000a4d00000)
 Metaspace       used 51171K, capacity 52802K, committed 53120K, reserved 1095680K
  class space    used 6840K, capacity 7202K, committed 7296K, reserved 1048576K
GC Heap History (10 events):
Event: 13.248 GC heap before
{Heap before GC invocations=8 (full 1):
 PSYoungGen      total 76800K, used 66048K [0x00000000e0000000, 0x00000000e5700000, 0x0000000100000000)
  eden space 66048K, 100% used [0x00000000e0000000,0x00000000e4080000,0x00000000e4080000)
  from space 10752K, 0% used [0x00000000e4b80000,0x00000000e4b80000,0x00000000e5600000)
  to   space 11264K, 0% used [0x00000000e4080000,0x00000000e4080000,0x00000000e4b80000)
 ParOldGen       total 55296K, used 9342K [0x00000000a0000000, 0x00000000a3600000, 0x00000000e0000000)
  object space 55296K, 16% used [0x00000000a0000000,0x00000000a091f9f8,0x00000000a3600000)
 Metaspace       used 29254K, capacity 29892K, committed 30336K, reserved 1075200K
  class space    used 3931K, capacity 4135K, committed 4224K, reserved 1048576K
Event: 13.261 GC heap after
Heap after GC invocations=8 (full 1):
 PSYoungGen      total 77312K, used 8306K [0x00000000e0000000, 0x00000000e8780000, 0x0000000100000000)
  eden space 66048K, 0% used [0x00000000e0000000,0x00000000e0000000,0x00000000e4080000)
  from space 11264K, 73% used [0x00000000e4080000,0x00000000e489cb70,0x00000000e4b80000)
  to   space 11264K, 0% used [0x00000000e7c80000,0x00000000e7c80000,0x00000000e8780000)
 ParOldGen       total 55296K, used 9350K [0x00000000a0000000, 0x00000000a3600000, 0x00000000e0000000)
  object space 55296K, 16% used [0x00000000a0000000,0x00000000a09219f8,0x00000000a3600000)
 Metaspace       used 29254K, capacity 29892K, committed 30336K, reserved 1075200K
  class space    used 3931K, capacity 4135K, committed 4224K, reserved 1048576K
}
Event: 14.616 GC heap before
{Heap before GC invocations=9 (full 1):
 PSYoungGen      total 77312K, used 74354K [0x00000000e0000000, 0x00000000e8780000, 0x0000000100000000)
  eden space 66048K, 100% used [0x00000000e0000000,0x00000000e4080000,0x00000000e4080000)
  from space 11264K, 73% used [0x00000000e4080000,0x00000000e489cb70,0x00000000e4b80000)
  to   space 11264K, 0% used [0x00000000e7c80000,0x00000000e7c80000,0x00000000e8780000)
 ParOldGen       total 55296K, used 9350K [0x00000000a0000000, 0x00000000a3600000, 0x00000000e0000000)
  object space 55296K, 16% used [0x00000000a0000000,0x00000000a09219f8,0x00000000a3600000)
 Metaspace       used 32248K, capacity 32904K, committed 33152K, reserved 1077248K
  class space    used 4409K, capacity 4627K, committed 4736K, reserved 1048576K
Event: 14.650 GC heap after
Heap after GC invocations=9 (full 1):
 PSYoungGen      total 126976K, used 9105K [0x00000000e0000000, 0x00000000e8a80000, 0x0000000100000000)
  eden space 115712K, 0% used [0x00000000e0000000,0x00000000e0000000,0x00000000e7100000)
  from space 11264K, 80% used [0x00000000e7c80000,0x00000000e85647c0,0x00000000e8780000)
  to   space 11776K, 0% used [0x00000000e7100000,0x00000000e7100000,0x00000000e7c80000)
 ParOldGen       total 55296K, used 9358K [0x00000000a0000000, 0x00000000a3600000, 0x00000000e0000000)
  object space 55296K, 16% used [0x00000000a0000000,0x00000000a09239f8,0x00000000a3600000)
 Metaspace       used 32248K, capacity 32904K, committed 33152K, reserved 1077248K
  class space    used 4409K, capacity 4627K, committed 4736K, reserved 1048576K
}
Event: 15.752 GC heap before
{Heap before GC invocations=10 (full 1):
 PSYoungGen      total 126976K, used 53590K [0x00000000e0000000, 0x00000000e8a80000, 0x0000000100000000)
  eden space 115712K, 38% used [0x00000000e0000000,0x00000000e2b712a0,0x00000000e7100000)
  from space 11264K, 80% used [0x00000000e7c80000,0x00000000e85647c0,0x00000000e8780000)
  to   space 11776K, 0% used [0x00000000e7100000,0x00000000e7100000,0x00000000e7c80000)
 ParOldGen       total 55296K, used 9358K [0x00000000a0000000, 0x00000000a3600000, 0x00000000e0000000)
  object space 55296K, 16% used [0x00000000a0000000,0x00000000a09239f8,0x00000000a3600000)
 Metaspace       used 34529K, capacity 35372K, committed 35456K, reserved 1079296K
  class space    used 4723K, capacity 4923K, committed 4992K, reserved 1048576K
Event: 15.784 GC heap after
Heap after GC invocations=10 (full 1):
 PSYoungGen      total 127488K, used 9351K [0x00000000e0000000, 0x00000000ec080000, 0x0000000100000000)
  eden space 115712K, 0% used [0x00000000e0000000,0x00000000e0000000,0x00000000e7100000)
  from space 11776K, 79% used [0x00000000e7100000,0x00000000e7a21d78,0x00000000e7c80000)
  to   space 12288K, 0% used [0x00000000eb480000,0x00000000eb480000,0x00000000ec080000)
 ParOldGen       total 55296K, used 9366K [0x00000000a0000000, 0x00000000a3600000, 0x00000000e0000000)
  object space 55296K, 16% used [0x00000000a0000000,0x00000000a09259f8,0x00000000a3600000)
 Metaspace       used 34529K, capacity 35372K, committed 35456K, reserved 1079296K
  class space    used 4723K, capacity 4923K, committed 4992K, reserved 1048576K
}
Event: 15.784 GC heap before
{Heap before GC invocations=11 (full 2):
 PSYoungGen      total 127488K, used 9351K [0x00000000e0000000, 0x00000000ec080000, 0x0000000100000000)
  eden space 115712K, 0% used [0x00000000e0000000,0x00000000e0000000,0x00000000e7100000)
  from space 11776K, 79% used [0x00000000e7100000,0x00000000e7a21d78,0x00000000e7c80000)
  to   space 12288K, 0% used [0x00000000eb480000,0x00000000eb480000,0x00000000ec080000)
 ParOldGen       total 55296K, used 9366K [0x00000000a0000000, 0x00000000a3600000, 0x00000000e0000000)
  object space 55296K, 16% used [0x00000000a0000000,0x00000000a09259f8,0x00000000a3600000)
 Metaspace       used 34529K, capacity 35372K, committed 35456K, reserved 1079296K
  class space    used 4723K, capacity 4923K, committed 4992K, reserved 1048576K
Event: 15.879 GC heap after
Heap after GC invocations=11 (full 2):
 PSYoungGen      total 127488K, used 0K [0x00000000e0000000, 0x00000000ec080000, 0x0000000100000000)
  eden space 115712K, 0% used [0x00000000e0000000,0x00000000e0000000,0x00000000e7100000)
  from space 11776K, 0% used [0x00000000e7100000,0x00000000e7100000,0x00000000e7c80000)
  to   space 12288K, 0% used [0x00000000eb480000,0x00000000eb480000,0x00000000ec080000)
 ParOldGen       total 78848K, used 16323K [0x00000000a0000000, 0x00000000a4d00000, 0x00000000e0000000)
  object space 78848K, 20% used [0x00000000a0000000,0x00000000a0ff0ce0,0x00000000a4d00000)
 Metaspace       used 34525K, capacity 35360K, committed 35456K, reserved 1079296K
  class space    used 4722K, capacity 4921K, committed 4992K, reserved 1048576K
}
Event: 18.412 GC heap before
{Heap before GC invocations=12 (full 2):
 PSYoungGen      total 127488K, used 115712K [0x00000000e0000000, 0x00000000ec080000, 0x0000000100000000)
  eden space 115712K, 100% used [0x00000000e0000000,0x00000000e7100000,0x00000000e7100000)
  from space 11776K, 0% used [0x00000000e7100000,0x00000000e7100000,0x00000000e7c80000)
  to   space 12288K, 0% used [0x00000000eb480000,0x00000000eb480000,0x00000000ec080000)
 ParOldGen       total 78848K, used 16323K [0x00000000a0000000, 0x00000000a4d00000, 0x00000000e0000000)
  object space 78848K, 20% used [0x00000000a0000000,0x00000000a0ff0ce0,0x00000000a4d00000)
 Metaspace       used 44827K, capacity 46048K, committed 46336K, reserved 1089536K
  class space    used 6031K, capacity 6320K, committed 6400K, reserved 1048576K
Event: 18.444 GC heap after
Heap after GC invocations=12 (full 2):
 PSYoungGen      total 166912K, used 12262K [0x00000000e0000000, 0x00000000ec080000, 0x0000000100000000)
  eden space 154624K, 0% used [0x00000000e0000000,0x00000000e0000000,0x00000000e9700000)
  from space 12288K, 99% used [0x00000000eb480000,0x00000000ec079a58,0x00000000ec080000)
  to   space 14848K, 0% used [0x00000000ea380000,0x00000000ea380000,0x00000000eb200000)
 ParOldGen       total 78848K, used 19269K [0x00000000a0000000, 0x00000000a4d00000, 0x00000000e0000000)
  object space 78848K, 24% used [0x00000000a0000000,0x00000000a12d1700,0x00000000a4d00000)
 Metaspace       used 44827K, capacity 46048K, committed 46336K, reserved 1089536K
  class space    used 6031K, capacity 6320K, committed 6400K, reserved 1048576K
}

