# JRE version: OpenJDK Runtime Environment (8.0_212-b04) (build 1.8.0_212-release-1586-b04)
# Java VM: OpenJDK 64-Bit Server VM (25.212-b04 mixed mode windows-amd64 compressed oops)
Heap:
 PSYoungGen      total 446464K, used 369357K [0x00000000e0000000, 0x00000000ff800000, 0x0000000100000000)
  eden space 386048K, 91% used [0x00000000e0000000,0x00000000f5826730,0x00000000f7900000)
  from space 60416K, 28% used [0x00000000fbd00000,0x00000000fcd8cd18,0x00000000ff800000)
  to   space 65024K, 0% used [0x00000000f7900000,0x00000000f7900000,0x00000000fb880000)
 ParOldGen       total 306688K, used 228481K [0x00000000a0000000, 0x00000000b2b80000, 0x00000000e0000000)
  object space 306688K, 74% used [0x00000000a0000000,0x00000000adf207a0,0x00000000b2b80000)
 Metaspace       used 138289K, capacity 144442K, committed 144832K, reserved 1175552K
  class space    used 17333K, capacity 18537K, committed 18664K, reserved 1048576K
GC Heap History (10 events):
Event: 1228.823 GC heap before
{Heap before GC invocations=53 (full 5):
 PSYoungGen      total 441856K, used 374106K [0x00000000e0000000, 0x00000000ffe80000, 0x0000000100000000)
  eden space 364032K, 100% used [0x00000000e0000000,0x00000000f6380000,0x00000000f6380000)
  from space 77824K, 12% used [0x00000000f6380000,0x00000000f6d56a50,0x00000000faf80000)
  to   space 76800K, 0% used [0x00000000fb380000,0x00000000fb380000,0x00000000ffe80000)
 ParOldGen       total 306688K, used 190734K [0x00000000a0000000, 0x00000000b2b80000, 0x00000000e0000000)
  object space 306688K, 62% used [0x00000000a0000000,0x00000000aba43a80,0x00000000b2b80000)
 Metaspace       used 138224K, capacity 144378K, committed 144832K, reserved 1175552K
  class space    used 17331K, capacity 18537K, committed 18664K, reserved 1048576K
Event: 1228.860 GC heap after
Heap after GC invocations=53 (full 5):
 PSYoungGen      total 441856K, used 14656K [0x00000000e0000000, 0x00000000ffa00000, 0x0000000100000000)
  eden space 369664K, 0% used [0x00000000e0000000,0x00000000e0000000,0x00000000f6900000)
  from space 72192K, 20% used [0x00000000fb380000,0x00000000fc1d01c8,0x00000000ffa00000)
  to   space 74240K, 0% used [0x00000000f6900000,0x00000000f6900000,0x00000000fb180000)
 ParOldGen       total 306688K, used 196242K [0x00000000a0000000, 0x00000000b2b80000, 0x00000000e0000000)
  object space 306688K, 63% used [0x00000000a0000000,0x00000000abfa4b78,0x00000000b2b80000)
 Metaspace       used 138224K, capacity 144378K, committed 144832K, reserved 1175552K
  class space    used 17331K, capacity 18537K, committed 18664K, reserved 1048576K
}
Event: 1230.010 GC heap before
{Heap before GC invocations=54 (full 5):
 PSYoungGen      total 441856K, used 384320K [0x00000000e0000000, 0x00000000ffa00000, 0x0000000100000000)
  eden space 369664K, 100% used [0x00000000e0000000,0x00000000f6900000,0x00000000f6900000)
  from space 72192K, 20% used [0x00000000fb380000,0x00000000fc1d01c8,0x00000000ffa00000)
  to   space 74240K, 0% used [0x00000000f6900000,0x00000000f6900000,0x00000000fb180000)
 ParOldGen       total 306688K, used 196242K [0x00000000a0000000, 0x00000000b2b80000, 0x00000000e0000000)
  object space 306688K, 63% used [0x00000000a0000000,0x00000000abfa4b78,0x00000000b2b80000)
 Metaspace       used 138235K, capacity 144378K, committed 144832K, reserved 1175552K
  class space    used 17331K, capacity 18537K, committed 18664K, reserved 1048576K
Event: 1230.036 GC heap after
Heap after GC invocations=54 (full 5):
 PSYoungGen      total 443904K, used 3039K [0x00000000e0000000, 0x0000000100000000, 0x0000000100000000)
  eden space 369664K, 0% used [0x00000000e0000000,0x00000000e0000000,0x00000000f6900000)
  from space 74240K, 4% used [0x00000000f6900000,0x00000000f6bf7de8,0x00000000fb180000)
  to   space 73728K, 0% used [0x00000000fb800000,0x00000000fb800000,0x0000000100000000)
 ParOldGen       total 306688K, used 204046K [0x00000000a0000000, 0x00000000b2b80000, 0x00000000e0000000)
  object space 306688K, 66% used [0x00000000a0000000,0x00000000ac743920,0x00000000b2b80000)
 Metaspace       used 138235K, capacity 144378K, committed 144832K, reserved 1175552K
  class space    used 17331K, capacity 18537K, committed 18664K, reserved 1048576K
}
Event: 1231.669 GC heap before
{Heap before GC invocations=55 (full 5):
 PSYoungGen      total 443904K, used 372703K [0x00000000e0000000, 0x0000000100000000, 0x0000000100000000)
  eden space 369664K, 100% used [0x00000000e0000000,0x00000000f6900000,0x00000000f6900000)
  from space 74240K, 4% used [0x00000000f6900000,0x00000000f6bf7de8,0x00000000fb180000)
  to   space 73728K, 0% used [0x00000000fb800000,0x00000000fb800000,0x0000000100000000)
 ParOldGen       total 306688K, used 204046K [0x00000000a0000000, 0x00000000b2b80000, 0x00000000e0000000)
  object space 306688K, 66% used [0x00000000a0000000,0x00000000ac743920,0x00000000b2b80000)
 Metaspace       used 138256K, capacity 144442K, committed 144832K, reserved 1175552K
  class space    used 17331K, capacity 18537K, committed 18664K, reserved 1048576K
Event: 1231.726 GC heap after
Heap after GC invocations=55 (full 5):
 PSYoungGen      total 441344K, used 22114K [0x00000000e0000000, 0x00000000ff780000, 0x0000000100000000)
  eden space 376320K, 0% used [0x00000000e0000000,0x00000000e0000000,0x00000000f6f80000)
  from space 65024K, 34% used [0x00000000fb800000,0x00000000fcd98ba8,0x00000000ff780000)
  to   space 69632K, 0% used [0x00000000f6f80000,0x00000000f6f80000,0x00000000fb380000)
 ParOldGen       total 306688K, used 205378K [0x00000000a0000000, 0x00000000b2b80000, 0x00000000e0000000)
  object space 306688K, 66% used [0x00000000a0000000,0x00000000ac890870,0x00000000b2b80000)
 Metaspace       used 138256K, capacity 144442K, committed 144832K, reserved 1175552K
  class space    used 17331K, capacity 18537K, committed 18664K, reserved 1048576K
}
Event: 1233.393 GC heap before
{Heap before GC invocations=56 (full 5):
 PSYoungGen      total 441344K, used 398434K [0x00000000e0000000, 0x00000000ff780000, 0x0000000100000000)
  eden space 376320K, 100% used [0x00000000e0000000,0x00000000f6f80000,0x00000000f6f80000)
  from space 65024K, 34% used [0x00000000fb800000,0x00000000fcd98ba8,0x00000000ff780000)
  to   space 69632K, 0% used [0x00000000f6f80000,0x00000000f6f80000,0x00000000fb380000)
 ParOldGen       total 306688K, used 205378K [0x00000000a0000000, 0x00000000b2b80000, 0x00000000e0000000)
  object space 306688K, 66% used [0x00000000a0000000,0x00000000ac890870,0x00000000b2b80000)
 Metaspace       used 138280K, capacity 144442K, committed 144832K, reserved 1175552K
  class space    used 17333K, capacity 18537K, committed 18664K, reserved 1048576K
Event: 1233.432 GC heap after
Heap after GC invocations=56 (full 5):
 PSYoungGen      total 445952K, used 4437K [0x00000000e0000000, 0x0000000100000000, 0x0000000100000000)
  eden space 376320K, 0% used [0x00000000e0000000,0x00000000e0000000,0x00000000f6f80000)
  from space 69632K, 6% used [0x00000000f6f80000,0x00000000f73d54b0,0x00000000fb380000)
  to   space 68608K, 0% used [0x00000000fbd00000,0x00000000fbd00000,0x0000000100000000)
 ParOldGen       total 306688K, used 225269K [0x00000000a0000000, 0x00000000b2b80000, 0x00000000e0000000)
  object space 306688K, 73% used [0x00000000a0000000,0x00000000adbfd448,0x00000000b2b80000)
 Metaspace       used 138280K, capacity 144442K, committed 144832K, reserved 1175552K
  class space    used 17333K, capacity 18537K, committed 18664K, reserved 1048576K
}
Event: 1235.212 GC heap before
{Heap before GC invocations=57 (full 5):
 PSYoungGen      total 445952K, used 380757K [0x00000000e0000000, 0x0000000100000000, 0x0000000100000000)
  eden space 376320K, 100% used [0x00000000e0000000,0x00000000f6f80000,0x00000000f6f80000)
  from space 69632K, 6% used [0x00000000f6f80000,0x00000000f73d54b0,0x00000000fb380000)
  to   space 68608K, 0% used [0x00000000fbd00000,0x00000000fbd00000,0x0000000100000000)
 ParOldGen       total 306688K, used 225269K [0x00000000a0000000, 0x00000000b2b80000, 0x00000000e0000000)
  object space 306688K, 73% used [0x00000000a0000000,0x00000000adbfd448,0x00000000b2b80000)
 Metaspace       used 138288K, capacity 144442K, committed 144832K, reserved 1175552K
  class space    used 17333K, capacity 18537K, committed 18664K, reserved 1048576K
Event: 1235.255 GC heap after
Heap after GC invocations=57 (full 5):
 PSYoungGen      total 446464K, used 16947K [0x00000000e0000000, 0x00000000ff800000, 0x0000000100000000)
  eden space 386048K, 0% used [0x00000000e0000000,0x00000000e0000000,0x00000000f7900000)
  from space 60416K, 28% used [0x00000000fbd00000,0x00000000fcd8cd18,0x00000000ff800000)
  to   space 65024K, 0% used [0x00000000f7900000,0x00000000f7900000,0x00000000fb880000)
 ParOldGen       total 306688K, used 228481K [0x00000000a0000000, 0x00000000b2b80000, 0x00000000e0000000)
  object space 306688K, 74% used [0x00000000a0000000,0x00000000adf207a0,0x00000000b2b80000)
 Metaspace       used 138288K, capacity 144442K, committed 144832K, reserved 1175552K
  class space    used 17333K, capacity 18537K, committed 18664K, reserved 1048576K
}

