# JRE version: OpenJDK Runtime Environment (8.0_212-b04) (build 1.8.0_212-release-1586-b04)
# Java VM: OpenJDK 64-Bit Server VM (25.212-b04 mixed mode windows-amd64 compressed oops)
Heap:
 PSYoungGen      total 120320K, used 101583K [0x00000000e0000000, 0x00000000ead00000, 0x0000000100000000)
  eden space 108544K, 93% used [0x00000000e0000000,0x00000000e6333fd8,0x00000000e6a00000)
  from space 11776K, 0% used [0x00000000e6a00000,0x00000000e6a00000,0x00000000e7580000)
  to   space 12288K, 0% used [0x00000000ea100000,0x00000000ea100000,0x00000000ead00000)
 ParOldGen       total 86528K, used 16319K [0x00000000a0000000, 0x00000000a5480000, 0x00000000e0000000)
  object space 86528K, 18% used [0x00000000a0000000,0x00000000a0fefff0,0x00000000a5480000)
 Metaspace       used 43493K, capacity 44652K, committed 44928K, reserved 1087488K
  class space    used 5867K, capacity 6154K, committed 6272K, reserved 1048576K
GC Heap History (10 events):
Event: 9.903 GC heap before
{Heap before GC invocations=7 (full 1):
 PSYoungGen      total 76800K, used 8363K [0x00000000e0000000, 0x00000000e5700000, 0x0000000100000000)
  eden space 66048K, 0% used [0x00000000e0000000,0x00000000e0000000,0x00000000e4080000)
  from space 10752K, 77% used [0x00000000e4b80000,0x00000000e53aade0,0x00000000e5600000)
  to   space 11264K, 0% used [0x00000000e4080000,0x00000000e4080000,0x00000000e4b80000)
 ParOldGen       total 87552K, used 8262K [0x00000000a0000000, 0x00000000a5580000, 0x00000000e0000000)
  object space 87552K, 9% used [0x00000000a0000000,0x00000000a0811b20,0x00000000a5580000)
 Metaspace       used 20669K, capacity 21182K, committed 21296K, reserved 1067008K
  class space    used 2968K, capacity 3133K, committed 3200K, reserved 1048576K
Event: 9.977 GC heap after
Heap after GC invocations=7 (full 1):
 PSYoungGen      total 76800K, used 0K [0x00000000e0000000, 0x00000000e5700000, 0x0000000100000000)
  eden space 66048K, 0% used [0x00000000e0000000,0x00000000e0000000,0x00000000e4080000)
  from space 10752K, 0% used [0x00000000e4b80000,0x00000000e4b80000,0x00000000e5600000)
  to   space 11264K, 0% used [0x00000000e4080000,0x00000000e4080000,0x00000000e4b80000)
 ParOldGen       total 58368K, used 9438K [0x00000000a0000000, 0x00000000a3900000, 0x00000000e0000000)
  object space 58368K, 16% used [0x00000000a0000000,0x00000000a0937870,0x00000000a3900000)
 Metaspace       used 20669K, capacity 21182K, committed 21296K, reserved 1067008K
  class space    used 2968K, capacity 3133K, committed 3200K, reserved 1048576K
}
Event: 11.479 GC heap before
{Heap before GC invocations=8 (full 1):
 PSYoungGen      total 76800K, used 66048K [0x00000000e0000000, 0x00000000e5700000, 0x0000000100000000)
  eden space 66048K, 100% used [0x00000000e0000000,0x00000000e4080000,0x00000000e4080000)
  from space 10752K, 0% used [0x00000000e4b80000,0x00000000e4b80000,0x00000000e5600000)
  to   space 11264K, 0% used [0x00000000e4080000,0x00000000e4080000,0x00000000e4b80000)
 ParOldGen       total 58368K, used 9438K [0x00000000a0000000, 0x00000000a3900000, 0x00000000e0000000)
  object space 58368K, 16% used [0x00000000a0000000,0x00000000a0937870,0x00000000a3900000)
 Metaspace       used 29250K, capacity 29844K, committed 30080K, reserved 1075200K
  class space    used 3941K, capacity 4135K, committed 4224K, reserved 1048576K
Event: 11.495 GC heap after
Heap after GC invocations=8 (full 1):
 PSYoungGen      total 77312K, used 8378K [0x00000000e0000000, 0x00000000e8180000, 0x0000000100000000)
  eden space 66048K, 0% used [0x00000000e0000000,0x00000000e0000000,0x00000000e4080000)
  from space 11264K, 74% used [0x00000000e4080000,0x00000000e48ae910,0x00000000e4b80000)
  to   space 11264K, 0% used [0x00000000e7680000,0x00000000e7680000,0x00000000e8180000)
 ParOldGen       total 58368K, used 9446K [0x00000000a0000000, 0x00000000a3900000, 0x00000000e0000000)
  object space 58368K, 16% used [0x00000000a0000000,0x00000000a0939870,0x00000000a3900000)
 Metaspace       used 29250K, capacity 29844K, committed 30080K, reserved 1075200K
  class space    used 3941K, capacity 4135K, committed 4224K, reserved 1048576K
}
Event: 13.144 GC heap before
{Heap before GC invocations=9 (full 1):
 PSYoungGen      total 77312K, used 74426K [0x00000000e0000000, 0x00000000e8180000, 0x0000000100000000)
  eden space 66048K, 100% used [0x00000000e0000000,0x00000000e4080000,0x00000000e4080000)
  from space 11264K, 74% used [0x00000000e4080000,0x00000000e48ae910,0x00000000e4b80000)
  to   space 11264K, 0% used [0x00000000e7680000,0x00000000e7680000,0x00000000e8180000)
 ParOldGen       total 58368K, used 9446K [0x00000000a0000000, 0x00000000a3900000, 0x00000000e0000000)
  object space 58368K, 16% used [0x00000000a0000000,0x00000000a0939870,0x00000000a3900000)
 Metaspace       used 32251K, capacity 32920K, committed 33152K, reserved 1077248K
  class space    used 4414K, capacity 4627K, committed 4736K, reserved 1048576K
Event: 13.157 GC heap after
Heap after GC invocations=9 (full 1):
 PSYoungGen      total 119296K, used 9153K [0x00000000e0000000, 0x00000000e8100000, 0x0000000100000000)
  eden space 108544K, 0% used [0x00000000e0000000,0x00000000e0000000,0x00000000e6a00000)
  from space 10752K, 85% used [0x00000000e7680000,0x00000000e7f70630,0x00000000e8100000)
  to   space 11776K, 0% used [0x00000000e6a00000,0x00000000e6a00000,0x00000000e7580000)
 ParOldGen       total 58368K, used 9454K [0x00000000a0000000, 0x00000000a3900000, 0x00000000e0000000)
  object space 58368K, 16% used [0x00000000a0000000,0x00000000a093b870,0x00000000a3900000)
 Metaspace       used 32251K, capacity 32920K, committed 33152K, reserved 1077248K
  class space    used 4414K, capacity 4627K, committed 4736K, reserved 1048576K
}
Event: 14.160 GC heap before
{Heap before GC invocations=10 (full 1):
 PSYoungGen      total 119296K, used 53759K [0x00000000e0000000, 0x00000000e8100000, 0x0000000100000000)
  eden space 108544K, 41% used [0x00000000e0000000,0x00000000e2b8f790,0x00000000e6a00000)
  from space 10752K, 85% used [0x00000000e7680000,0x00000000e7f70630,0x00000000e8100000)
  to   space 11776K, 0% used [0x00000000e6a00000,0x00000000e6a00000,0x00000000e7580000)
 ParOldGen       total 58368K, used 9454K [0x00000000a0000000, 0x00000000a3900000, 0x00000000e0000000)
  object space 58368K, 16% used [0x00000000a0000000,0x00000000a093b870,0x00000000a3900000)
 Metaspace       used 34515K, capacity 35356K, committed 35456K, reserved 1079296K
  class space    used 4725K, capacity 4955K, committed 4992K, reserved 1048576K
Event: 14.182 GC heap after
Heap after GC invocations=10 (full 1):
 PSYoungGen      total 120320K, used 9319K [0x00000000e0000000, 0x00000000ead00000, 0x0000000100000000)
  eden space 108544K, 0% used [0x00000000e0000000,0x00000000e0000000,0x00000000e6a00000)
  from space 11776K, 79% used [0x00000000e6a00000,0x00000000e7319d78,0x00000000e7580000)
  to   space 12288K, 0% used [0x00000000ea100000,0x00000000ea100000,0x00000000ead00000)
 ParOldGen       total 58368K, used 9462K [0x00000000a0000000, 0x00000000a3900000, 0x00000000e0000000)
  object space 58368K, 16% used [0x00000000a0000000,0x00000000a093d870,0x00000000a3900000)
 Metaspace       used 34515K, capacity 35356K, committed 35456K, reserved 1079296K
  class space    used 4725K, capacity 4955K, committed 4992K, reserved 1048576K
}
Event: 14.182 GC heap before
{Heap before GC invocations=11 (full 2):
 PSYoungGen      total 120320K, used 9319K [0x00000000e0000000, 0x00000000ead00000, 0x0000000100000000)
  eden space 108544K, 0% used [0x00000000e0000000,0x00000000e0000000,0x00000000e6a00000)
  from space 11776K, 79% used [0x00000000e6a00000,0x00000000e7319d78,0x00000000e7580000)
  to   space 12288K, 0% used [0x00000000ea100000,0x00000000ea100000,0x00000000ead00000)
 ParOldGen       total 58368K, used 9462K [0x00000000a0000000, 0x00000000a3900000, 0x00000000e0000000)
  object space 58368K, 16% used [0x00000000a0000000,0x00000000a093d870,0x00000000a3900000)
 Metaspace       used 34515K, capacity 35356K, committed 35456K, reserved 1079296K
  class space    used 4725K, capacity 4955K, committed 4992K, reserved 1048576K
Event: 14.277 GC heap after
Heap after GC invocations=11 (full 2):
 PSYoungGen      total 120320K, used 0K [0x00000000e0000000, 0x00000000ead00000, 0x0000000100000000)
  eden space 108544K, 0% used [0x00000000e0000000,0x00000000e0000000,0x00000000e6a00000)
  from space 11776K, 0% used [0x00000000e6a00000,0x00000000e6a00000,0x00000000e7580000)
  to   space 12288K, 0% used [0x00000000ea100000,0x00000000ea100000,0x00000000ead00000)
 ParOldGen       total 86528K, used 16319K [0x00000000a0000000, 0x00000000a5480000, 0x00000000e0000000)
  object space 86528K, 18% used [0x00000000a0000000,0x00000000a0fefff0,0x00000000a5480000)
 Metaspace       used 34511K, capacity 35344K, committed 35456K, reserved 1079296K
  class space    used 4724K, capacity 4953K, committed 4992K, reserved 1048576K
}

