# JRE version: OpenJDK Runtime Environment (8.0_212-b04) (build 1.8.0_212-release-1586-b04)
# Java VM: OpenJDK 64-Bit Server VM (25.212-b04 mixed mode windows-amd64 compressed oops)
Heap:
 PSYoungGen      total 118784K, used 68184K [0x00000000e0000000, 0x00000000ea680000, 0x0000000100000000)
  eden space 107520K, 52% used [0x00000000e0000000,0x00000000e379c0e8,0x00000000e6900000)
  from space 11264K, 99% used [0x00000000e7700000,0x00000000e81fa1d8,0x00000000e8200000)
  to   space 14336K, 0% used [0x00000000e6900000,0x00000000e6900000,0x00000000e7700000)
 ParOldGen       total 86528K, used 18906K [0x00000000a0000000, 0x00000000a5480000, 0x00000000e0000000)
  object space 86528K, 21% used [0x00000000a0000000,0x00000000a1276ab0,0x00000000a5480000)
 Metaspace       used 49376K, capacity 50660K, committed 50944K, reserved 1093632K
  class space    used 6559K, capacity 6865K, committed 6912K, reserved 1048576K
GC Heap History (10 events):
Event: 18.162 GC heap before
{Heap before GC invocations=8 (full 1):
 PSYoungGen      total 76800K, used 66048K [0x00000000e0000000, 0x00000000e5700000, 0x0000000100000000)
  eden space 66048K, 100% used [0x00000000e0000000,0x00000000e4080000,0x00000000e4080000)
  from space 10752K, 0% used [0x00000000e4b80000,0x00000000e4b80000,0x00000000e5600000)
  to   space 11264K, 0% used [0x00000000e4080000,0x00000000e4080000,0x00000000e4b80000)
 ParOldGen       total 58368K, used 9377K [0x00000000a0000000, 0x00000000a3900000, 0x00000000e0000000)
  object space 58368K, 16% used [0x00000000a0000000,0x00000000a0928460,0x00000000a3900000)
 Metaspace       used 29257K, capacity 29898K, committed 30336K, reserved 1075200K
  class space    used 3934K, capacity 4137K, committed 4224K, reserved 1048576K
Event: 18.178 GC heap after
Heap after GC invocations=8 (full 1):
 PSYoungGen      total 77312K, used 8409K [0x00000000e0000000, 0x00000000e8200000, 0x0000000100000000)
  eden space 66048K, 0% used [0x00000000e0000000,0x00000000e0000000,0x00000000e4080000)
  from space 11264K, 74% used [0x00000000e4080000,0x00000000e48b6428,0x00000000e4b80000)
  to   space 11264K, 0% used [0x00000000e7700000,0x00000000e7700000,0x00000000e8200000)
 ParOldGen       total 58368K, used 9385K [0x00000000a0000000, 0x00000000a3900000, 0x00000000e0000000)
  object space 58368K, 16% used [0x00000000a0000000,0x00000000a092a460,0x00000000a3900000)
 Metaspace       used 29257K, capacity 29898K, committed 30336K, reserved 1075200K
  class space    used 3934K, capacity 4137K, committed 4224K, reserved 1048576K
}
Event: 19.547 GC heap before
{Heap before GC invocations=9 (full 1):
 PSYoungGen      total 77312K, used 74457K [0x00000000e0000000, 0x00000000e8200000, 0x0000000100000000)
  eden space 66048K, 100% used [0x00000000e0000000,0x00000000e4080000,0x00000000e4080000)
  from space 11264K, 74% used [0x00000000e4080000,0x00000000e48b6428,0x00000000e4b80000)
  to   space 11264K, 0% used [0x00000000e7700000,0x00000000e7700000,0x00000000e8200000)
 ParOldGen       total 58368K, used 9385K [0x00000000a0000000, 0x00000000a3900000, 0x00000000e0000000)
  object space 58368K, 16% used [0x00000000a0000000,0x00000000a092a460,0x00000000a3900000)
 Metaspace       used 32263K, capacity 32872K, committed 33024K, reserved 1077248K
  class space    used 4409K, capacity 4595K, committed 4608K, reserved 1048576K
Event: 19.579 GC heap after
Heap after GC invocations=9 (full 1):
 PSYoungGen      total 121344K, used 9184K [0x00000000e0000000, 0x00000000e8600000, 0x0000000100000000)
  eden space 110080K, 0% used [0x00000000e0000000,0x00000000e0000000,0x00000000e6b80000)
  from space 11264K, 81% used [0x00000000e7700000,0x00000000e7ff8258,0x00000000e8200000)
  to   space 11776K, 0% used [0x00000000e6b80000,0x00000000e6b80000,0x00000000e7700000)
 ParOldGen       total 58368K, used 9393K [0x00000000a0000000, 0x00000000a3900000, 0x00000000e0000000)
  object space 58368K, 16% used [0x00000000a0000000,0x00000000a092c460,0x00000000a3900000)
 Metaspace       used 32263K, capacity 32872K, committed 33024K, reserved 1077248K
  class space    used 4409K, capacity 4595K, committed 4608K, reserved 1048576K
}
Event: 22.844 GC heap before
{Heap before GC invocations=10 (full 1):
 PSYoungGen      total 121344K, used 52675K [0x00000000e0000000, 0x00000000e8600000, 0x0000000100000000)
  eden space 110080K, 39% used [0x00000000e0000000,0x00000000e2a78c80,0x00000000e6b80000)
  from space 11264K, 81% used [0x00000000e7700000,0x00000000e7ff8258,0x00000000e8200000)
  to   space 11776K, 0% used [0x00000000e6b80000,0x00000000e6b80000,0x00000000e7700000)
 ParOldGen       total 58368K, used 9393K [0x00000000a0000000, 0x00000000a3900000, 0x00000000e0000000)
  object space 58368K, 16% used [0x00000000a0000000,0x00000000a092c460,0x00000000a3900000)
 Metaspace       used 34525K, capacity 35404K, committed 35456K, reserved 1079296K
  class space    used 4721K, capacity 4955K, committed 4992K, reserved 1048576K
Event: 22.861 GC heap after
Heap after GC invocations=10 (full 1):
 PSYoungGen      total 121856K, used 9330K [0x00000000e0000000, 0x00000000e8600000, 0x0000000100000000)
  eden space 110080K, 0% used [0x00000000e0000000,0x00000000e0000000,0x00000000e6b80000)
  from space 11776K, 79% used [0x00000000e6b80000,0x00000000e749cb18,0x00000000e7700000)
  to   space 11264K, 0% used [0x00000000e7700000,0x00000000e7700000,0x00000000e8200000)
 ParOldGen       total 58368K, used 9401K [0x00000000a0000000, 0x00000000a3900000, 0x00000000e0000000)
  object space 58368K, 16% used [0x00000000a0000000,0x00000000a092e460,0x00000000a3900000)
 Metaspace       used 34525K, capacity 35404K, committed 35456K, reserved 1079296K
  class space    used 4721K, capacity 4955K, committed 4992K, reserved 1048576K
}
Event: 22.861 GC heap before
{Heap before GC invocations=11 (full 2):
 PSYoungGen      total 121856K, used 9330K [0x00000000e0000000, 0x00000000e8600000, 0x0000000100000000)
  eden space 110080K, 0% used [0x00000000e0000000,0x00000000e0000000,0x00000000e6b80000)
  from space 11776K, 79% used [0x00000000e6b80000,0x00000000e749cb18,0x00000000e7700000)
  to   space 11264K, 0% used [0x00000000e7700000,0x00000000e7700000,0x00000000e8200000)
 ParOldGen       total 58368K, used 9401K [0x00000000a0000000, 0x00000000a3900000, 0x00000000e0000000)
  object space 58368K, 16% used [0x00000000a0000000,0x00000000a092e460,0x00000000a3900000)
 Metaspace       used 34525K, capacity 35404K, committed 35456K, reserved 1079296K
  class space    used 4721K, capacity 4955K, committed 4992K, reserved 1048576K
Event: 22.985 GC heap after
Heap after GC invocations=11 (full 2):
 PSYoungGen      total 121856K, used 0K [0x00000000e0000000, 0x00000000e8600000, 0x0000000100000000)
  eden space 110080K, 0% used [0x00000000e0000000,0x00000000e0000000,0x00000000e6b80000)
  from space 11776K, 0% used [0x00000000e6b80000,0x00000000e6b80000,0x00000000e7700000)
  to   space 11264K, 0% used [0x00000000e7700000,0x00000000e7700000,0x00000000e8200000)
 ParOldGen       total 86528K, used 16289K [0x00000000a0000000, 0x00000000a5480000, 0x00000000e0000000)
  object space 86528K, 18% used [0x00000000a0000000,0x00000000a0fe8420,0x00000000a5480000)
 Metaspace       used 34521K, capacity 35392K, committed 35456K, reserved 1079296K
  class space    used 4720K, capacity 4953K, committed 4992K, reserved 1048576K
}
Event: 26.552 GC heap before
{Heap before GC invocations=12 (full 2):
 PSYoungGen      total 121856K, used 110080K [0x00000000e0000000, 0x00000000e8600000, 0x0000000100000000)
  eden space 110080K, 100% used [0x00000000e0000000,0x00000000e6b80000,0x00000000e6b80000)
  from space 11776K, 0% used [0x00000000e6b80000,0x00000000e6b80000,0x00000000e7700000)
  to   space 11264K, 0% used [0x00000000e7700000,0x00000000e7700000,0x00000000e8200000)
 ParOldGen       total 86528K, used 16289K [0x00000000a0000000, 0x00000000a5480000, 0x00000000e0000000)
  object space 86528K, 18% used [0x00000000a0000000,0x00000000a0fe8420,0x00000000a5480000)
 Metaspace       used 44396K, capacity 45600K, committed 45696K, reserved 1089536K
  class space    used 5979K, capacity 6256K, committed 6272K, reserved 1048576K
Event: 26.579 GC heap after
Heap after GC invocations=12 (full 2):
 PSYoungGen      total 118784K, used 11240K [0x00000000e0000000, 0x00000000ea680000, 0x0000000100000000)
  eden space 107520K, 0% used [0x00000000e0000000,0x00000000e0000000,0x00000000e6900000)
  from space 11264K, 99% used [0x00000000e7700000,0x00000000e81fa1d8,0x00000000e8200000)
  to   space 14336K, 0% used [0x00000000e6900000,0x00000000e6900000,0x00000000e7700000)
 ParOldGen       total 86528K, used 18906K [0x00000000a0000000, 0x00000000a5480000, 0x00000000e0000000)
  object space 86528K, 21% used [0x00000000a0000000,0x00000000a1276ab0,0x00000000a5480000)
 Metaspace       used 44396K, capacity 45600K, committed 45696K, reserved 1089536K
  class space    used 5979K, capacity 6256K, committed 6272K, reserved 1048576K
}

